Analysis & Synthesis report for Voltimetro
Thu May 23 01:02:02 2013
Quartus II Version 9.0 Build 235 06/17/2009 Service Pack 2 SJ Web Edition


---------------------
; Table of Contents ;
---------------------
  1. Legal Notice
  2. Analysis & Synthesis Summary
  3. Analysis & Synthesis Settings
  4. Analysis & Synthesis Source Files Read
  5. Analysis & Synthesis Messages



----------------
; Legal Notice ;
----------------
Copyright (C) 1991-2009 Altera Corporation
Your use of Altera Corporation's design tools, logic functions 
and other software and tools, and its AMPP partner logic 
functions, and any output files from any of the foregoing 
(including device programming or simulation files), and any 
associated documentation or information are expressly subject 
to the terms and conditions of the Altera Program License 
Subscription Agreement, Altera MegaCore Function License 
Agreement, or other applicable license agreement, including, 
without limitation, that your use is for the sole purpose of 
programming logic devices manufactured by Altera and sold by 
Altera or its authorized distributors.  Please refer to the 
applicable agreement for further details.



+----------------------------------------------------------------------------+
; Analysis & Synthesis Summary                                               ;
+-----------------------------+----------------------------------------------+
; Analysis & Synthesis Status ; Failed - Thu May 23 01:02:02 2013            ;
; Quartus II Version          ; 9.0 Build 235 06/17/2009 SP 2 SJ Web Edition ;
; Revision Name               ; Voltimetro                                   ;
; Top-level Entity Name       ; Voltimetro                                   ;
; Family                      ; FLEX10K                                      ;
+-----------------------------+----------------------------------------------+


+------------------------------------------------------------------------------------------------+
; Analysis & Synthesis Settings                                                                  ;
+--------------------------------------------------------------+-----------------+---------------+
; Option                                                       ; Setting         ; Default Value ;
+--------------------------------------------------------------+-----------------+---------------+
; Device                                                       ; EPF10K70RC240-4 ;               ;
; Top-level entity name                                        ; Voltimetro      ; Voltimetro    ;
; Family name                                                  ; FLEX10K         ; Stratix II    ;
; Optimization Technique                                       ; Speed           ; Area          ;
; Use Generated Physical Constraints File                      ; Off             ;               ;
; Use smart compilation                                        ; Off             ; Off           ;
; Create Debugging Nodes for IP Cores                          ; Off             ; Off           ;
; Preserve fewer node names                                    ; On              ; On            ;
; Disable OpenCore Plus hardware evaluation                    ; Off             ; Off           ;
; Verilog Version                                              ; Verilog_2001    ; Verilog_2001  ;
; VHDL Version                                                 ; VHDL93          ; VHDL93        ;
; State Machine Processing                                     ; Auto            ; Auto          ;
; Safe State Machine                                           ; Off             ; Off           ;
; Extract Verilog State Machines                               ; On              ; On            ;
; Extract VHDL State Machines                                  ; On              ; On            ;
; Ignore Verilog initial constructs                            ; Off             ; Off           ;
; Iteration limit for constant Verilog loops                   ; 5000            ; 5000          ;
; Iteration limit for non-constant Verilog loops               ; 250             ; 250           ;
; Add Pass-Through Logic to Inferred RAMs                      ; On              ; On            ;
; Parallel Synthesis                                           ; Off             ; Off           ;
; NOT Gate Push-Back                                           ; On              ; On            ;
; Power-Up Don't Care                                          ; On              ; On            ;
; Remove Redundant Logic Cells                                 ; Off             ; Off           ;
; Remove Duplicate Registers                                   ; On              ; On            ;
; Ignore CARRY Buffers                                         ; Off             ; Off           ;
; Ignore CASCADE Buffers                                       ; Off             ; Off           ;
; Ignore GLOBAL Buffers                                        ; Off             ; Off           ;
; Ignore ROW GLOBAL Buffers                                    ; Off             ; Off           ;
; Ignore LCELL Buffers                                         ; Off             ; Off           ;
; Ignore SOFT Buffers                                          ; On              ; On            ;
; Limit AHDL Integers to 32 Bits                               ; Off             ; Off           ;
; Auto Implement in ROM                                        ; Off             ; Off           ;
; Carry Chain Length                                           ; 32              ; 32            ;
; Cascade Chain Length                                         ; 2               ; 2             ;
; Auto Carry Chains                                            ; On              ; On            ;
; Auto Open-Drain Pins                                         ; On              ; On            ;
; Auto ROM Replacement                                         ; On              ; On            ;
; Auto RAM Replacement                                         ; On              ; On            ;
; Auto Clock Enable Replacement                                ; On              ; On            ;
; Strict RAM Replacement                                       ; Off             ; Off           ;
; Auto Resource Sharing                                        ; Off             ; Off           ;
; Allow Any RAM Size For Recognition                           ; Off             ; Off           ;
; Allow Any ROM Size For Recognition                           ; Off             ; Off           ;
; Use LogicLock Constraints during Resource Balancing          ; On              ; On            ;
; Ignore translate_off and synthesis_off directives            ; Off             ; Off           ;
; Show Parameter Settings Tables in Synthesis Report           ; On              ; On            ;
; HDL message level                                            ; Level2          ; Level2        ;
; Suppress Register Optimization Related Messages              ; Off             ; Off           ;
; Number of Removed Registers Reported in Synthesis Report     ; 100             ; 100           ;
; Number of Inverted Registers Reported in Synthesis Report    ; 100             ; 100           ;
; Block Design Naming                                          ; Auto            ; Auto          ;
; Synthesis Effort                                             ; Auto            ; Auto          ;
; Shift Register Replacement - Allow Asynchronous Clear Signal ; On              ; On            ;
; Analysis & Synthesis Message Level                           ; Medium          ; Medium        ;
+--------------------------------------------------------------+-----------------+---------------+


+------------------------------------------------------------------------------------------------------------------------------------------------------------------------------------------------------------------------------------------------+
; Analysis & Synthesis Source Files Read                                                                                                                                                                                                         ;
+----------------------------------+-----------------+-----------------+-------------------------------------------------------------------------------------------------------------------------------------------------------------------------+
; File Name with User-Entered Path ; Used in Netlist ; File Type       ; File Name with Absolute Path                                                                                                                                            ;
+----------------------------------+-----------------+-----------------+-------------------------------------------------------------------------------------------------------------------------------------------------------------------------+
; Voltimetro.vhd                   ; yes             ; User VHDL File  ; C:/Users/Griffith/Documents/Universidad/3º Ingeniería Telecomunicaciones/Diseño de Circuitos y Sistemas Electrónicos/Prácticas/Práctica 03/Voltímetro_02/Voltimetro.vhd ;
+----------------------------------+-----------------+-----------------+-------------------------------------------------------------------------------------------------------------------------------------------------------------------------+


+-------------------------------+
; Analysis & Synthesis Messages ;
+-------------------------------+
Info: *******************************************************************
Info: Running Quartus II Analysis & Synthesis
    Info: Version 9.0 Build 235 06/17/2009 Service Pack 2 SJ Web Edition
    Info: Processing started: Thu May 23 01:02:01 2013
Info: Command: quartus_map --read_settings_files=on --write_settings_files=off Voltimetro -c Voltimetro
Info: Found 2 design units, including 1 entities, in source file Voltimetro.vhd
    Info: Found design unit 1: Voltimetro-arquitecturaVoltimetro
    Info: Found entity 1: Voltimetro
Info: Elaborating entity "Voltimetro" for the top level hierarchy
Warning (10492): VHDL Process Statement warning at Voltimetro.vhd(79): signal "senialMuestreo" is read inside the Process Statement but isn't in the Process Statement's sensitivity list
Warning (10492): VHDL Process Statement warning at Voltimetro.vhd(84): signal "INT" is read inside the Process Statement but isn't in the Process Statement's sensitivity list
Warning (10492): VHDL Process Statement warning at Voltimetro.vhd(91): signal "D" is read inside the Process Statement but isn't in the Process Statement's sensitivity list
Warning (10631): VHDL Process Statement warning at Voltimetro.vhd(73): inferring latch(es) for signal or variable "RD", which holds its previous value in one or more paths through the process
Warning (10631): VHDL Process Statement warning at Voltimetro.vhd(73): inferring latch(es) for signal or variable "CS", which holds its previous value in one or more paths through the process
Warning (10631): VHDL Process Statement warning at Voltimetro.vhd(73): inferring latch(es) for signal or variable "voltaje", which holds its previous value in one or more paths through the process
Info (10041): Inferred latch for "voltaje[0]" at Voltimetro.vhd(73)
Info (10041): Inferred latch for "voltaje[1]" at Voltimetro.vhd(73)
Info (10041): Inferred latch for "voltaje[2]" at Voltimetro.vhd(73)
Info (10041): Inferred latch for "voltaje[3]" at Voltimetro.vhd(73)
Info (10041): Inferred latch for "voltaje[4]" at Voltimetro.vhd(73)
Info (10041): Inferred latch for "voltaje[5]" at Voltimetro.vhd(73)
Info (10041): Inferred latch for "voltaje[6]" at Voltimetro.vhd(73)
Info (10041): Inferred latch for "voltaje[7]" at Voltimetro.vhd(73)
Info (10041): Inferred latch for "senialMuestreo.estado3" at Voltimetro.vhd(73)
Info (10041): Inferred latch for "senialMuestreo.estado2" at Voltimetro.vhd(73)
Info (10041): Inferred latch for "senialMuestreo.estado1" at Voltimetro.vhd(73)
Info (10041): Inferred latch for "CS" at Voltimetro.vhd(73)
Info (10041): Inferred latch for "RD" at Voltimetro.vhd(73)
Error (10822): HDL error at Voltimetro.vhd(84): couldn't implement registers for assignments on this clock edge File: C:/Users/Griffith/Documents/Universidad/3º Ingeniería Telecomunicaciones/Diseño de Circuitos y Sistemas Electrónicos/Prácticas/Práctica 03/Voltímetro_02/Voltimetro.vhd Line: 84
Error (10822): HDL error at Voltimetro.vhd(97): couldn't implement registers for assignments on this clock edge File: C:/Users/Griffith/Documents/Universidad/3º Ingeniería Telecomunicaciones/Diseño de Circuitos y Sistemas Electrónicos/Prácticas/Práctica 03/Voltímetro_02/Voltimetro.vhd Line: 97
Error: Can't elaborate top-level user hierarchy
Error: Quartus II Analysis & Synthesis was unsuccessful. 3 errors, 6 warnings
    Error: Peak virtual memory: 239 megabytes
    Error: Processing ended: Thu May 23 01:02:02 2013
    Error: Elapsed time: 00:00:01
    Error: Total CPU time (on all processors): 00:00:01


